<?xml version="1.0" encoding="UTF-8"?>
<testsuite name="com.pipp.task5.Task5ApplicationTests" tests="1" skipped="0" failures="0" errors="0" timestamp="2023-10-23T20:09:25" hostname="thesr" time="0.416">
  <properties/>
  <testcase name="contextLoads()" classname="com.pipp.task5.Task5ApplicationTests" time="0.416"/>
  <system-out><![CDATA[23:09:21.966 [Test worker] INFO org.springframework.test.context.support.AnnotationConfigContextLoaderUtils -- Could not detect default configuration classes for test class [com.pipp.task5.Task5ApplicationTests]: Task5ApplicationTests does not declare any static, non-private, non-final, nested classes annotated with @Configuration.
23:09:22.039 [Test worker] INFO org.springframework.boot.test.context.SpringBootTestContextBootstrapper -- Found @SpringBootConfiguration com.pipp.task5.Task4Application for test class com.pipp.task5.Task5ApplicationTests

  .   ____          _            __ _ _
 /\\ / ___'_ __ _ _(_)_ __  __ _ \ \ \ \
( ( )\___ | '_ | '_| | '_ \/ _` | \ \ \ \
 \\/  ___)| |_)| | | | | || (_| |  ) ) ) )
  '  |____| .__|_| |_|_| |_\__, | / / / /
 =========|_|==============|___/=/_/_/_/
 :: Spring Boot ::                (v3.1.5)

2023-10-23T23:09:22.331+03:00  INFO 12723 --- [    Test worker] com.pipp.task5.Task5ApplicationTests     : Starting Task5ApplicationTests using Java 17.0.9 with PID 12723 (started by thesr in /home/thesr/homework/common/pipp/task5_js_client)
2023-10-23T23:09:22.333+03:00  INFO 12723 --- [    Test worker] com.pipp.task5.Task5ApplicationTests     : No active profile set, falling back to 1 default profile: "default"
2023-10-23T23:09:22.806+03:00  INFO 12723 --- [    Test worker] .s.d.r.c.RepositoryConfigurationDelegate : Bootstrapping Spring Data JPA repositories in DEFAULT mode.
2023-10-23T23:09:22.852+03:00  INFO 12723 --- [    Test worker] .s.d.r.c.RepositoryConfigurationDelegate : Finished Spring Data repository scanning in 40 ms. Found 3 JPA repository interfaces.
2023-10-23T23:09:23.177+03:00  INFO 12723 --- [    Test worker] com.zaxxer.hikari.HikariDataSource       : HikariPool-1 - Starting...
2023-10-23T23:09:23.295+03:00  INFO 12723 --- [    Test worker] com.zaxxer.hikari.pool.HikariPool        : HikariPool-1 - Added connection conn0: url=jdbc:h2:mem:bcf6004a-d299-4cc9-a246-c23410165664 user=SA
2023-10-23T23:09:23.296+03:00  INFO 12723 --- [    Test worker] com.zaxxer.hikari.HikariDataSource       : HikariPool-1 - Start completed.
2023-10-23T23:09:23.332+03:00  INFO 12723 --- [    Test worker] o.hibernate.jpa.internal.util.LogHelper  : HHH000204: Processing PersistenceUnitInfo [name: default]
2023-10-23T23:09:23.374+03:00  INFO 12723 --- [    Test worker] org.hibernate.Version                    : HHH000412: Hibernate ORM core version 6.2.13.Final
2023-10-23T23:09:23.376+03:00  INFO 12723 --- [    Test worker] org.hibernate.cfg.Environment            : HHH000406: Using bytecode reflection optimizer
2023-10-23T23:09:23.555+03:00  INFO 12723 --- [    Test worker] o.s.o.j.p.SpringPersistenceUnitInfo      : No LoadTimeWeaver setup: ignoring JPA class transformer
2023-10-23T23:09:24.228+03:00  INFO 12723 --- [    Test worker] o.h.e.t.j.p.i.JtaPlatformInitiator       : HHH000489: No JTA platform available (set 'hibernate.transaction.jta.platform' to enable JTA platform integration)
2023-10-23T23:09:24.267+03:00  INFO 12723 --- [    Test worker] j.LocalContainerEntityManagerFactoryBean : Initialized JPA EntityManagerFactory for persistence unit 'default'
2023-10-23T23:09:24.488+03:00  INFO 12723 --- [    Test worker] o.s.d.j.r.query.QueryEnhancerFactory     : Hibernate is in classpath; If applicable, HQL parser will be used.
2023-10-23T23:09:24.827+03:00  WARN 12723 --- [    Test worker] JpaBaseConfiguration$JpaWebConfiguration : spring.jpa.open-in-view is enabled by default. Therefore, database queries may be performed during view rendering. Explicitly configure spring.jpa.open-in-view to disable this warning
2023-10-23T23:09:25.142+03:00  INFO 12723 --- [    Test worker] com.pipp.task5.Task5ApplicationTests     : Started Task5ApplicationTests in 2.995 seconds (process running for 3.845)
]]></system-out>
  <system-err><![CDATA[]]></system-err>
</testsuite>
